0 verbose cli /Users/shwariphones/.nvm/versions/node/v22.20.0/bin/node /Users/shwariphones/.nvm/versions/node/v22.20.0/bin/npm
1 info using npm@10.9.3
2 info using node@v22.20.0
3 silly config load:file:/Users/shwariphones/.nvm/versions/node/v22.20.0/lib/node_modules/npm/npmrc
4 silly config load:file:/Users/shwariphones/Desktop/shwari-django/Shwari/frontend_inventory_and_orders/ts-clients/.npmrc
5 silly config load:file:/Users/shwariphones/.npmrc
6 silly config load:file:/Users/shwariphones/.nvm/versions/node/v22.20.0/etc/npmrc
7 verbose title npm i openapi-typescript-codegen axios
8 verbose argv "i" "--save-dev" "openapi-typescript-codegen" "axios" "--no-audit" "--no-fund"
9 verbose logfile logs-max:10 dir:/Users/shwariphones/Desktop/shwari-django/Shwari/frontend_inventory_and_orders/ts-clients/.npm-cache/_logs/2025-10-31T06_19_53_341Z-
10 verbose logfile /Users/shwariphones/Desktop/shwari-django/Shwari/frontend_inventory_and_orders/ts-clients/.npm-cache/_logs/2025-10-31T06_19_53_341Z-debug-0.log
11 silly logfile done cleaning log files
12 silly packumentCache heap:2197815296 maxSize:549453824 maxEntrySize:274726912
13 silly idealTree buildDeps
14 silly fetch manifest openapi-typescript-codegen@*
15 silly packumentCache full:https://registry.npmjs.org/openapi-typescript-codegen cache-miss
16 verbose shrinkwrap failed to load node_modules/.package-lock.json out of date, updated: node_modules/@openapitools/openapi-generator-cli
17 http fetch GET 200 https://registry.npmjs.org/openapi-typescript-codegen 1221ms (cache miss)
18 silly packumentCache full:https://registry.npmjs.org/openapi-typescript-codegen set size:undefined disposed:false
19 silly fetch manifest axios@*
20 silly packumentCache full:https://registry.npmjs.org/axios cache-miss
21 http cache https://registry.npmjs.org/axios 24ms (cache hit)
22 silly packumentCache full:https://registry.npmjs.org/axios set size:725656 disposed:false
23 silly placeDep ROOT axios@1.13.1 REPLACE for: ts-clients@0.1.0 want: *
24 silly placeDep ROOT openapi-typescript-codegen@0.29.0 OK for: ts-clients@0.1.0 want: *
25 silly fetch manifest @apidevtools/json-schema-ref-parser@^11.5.4
26 silly packumentCache full:https://registry.npmjs.org/@apidevtools%2fjson-schema-ref-parser cache-miss
27 silly fetch manifest camelcase@^6.3.0
28 silly packumentCache full:https://registry.npmjs.org/camelcase cache-miss
29 silly fetch manifest commander@^12.0.0
30 silly packumentCache full:https://registry.npmjs.org/commander cache-miss
31 http cache https://registry.npmjs.org/commander 33ms (cache hit)
32 silly packumentCache full:https://registry.npmjs.org/commander set size:345532 disposed:false
33 silly fetch manifest handlebars@^4.7.8
34 silly packumentCache full:https://registry.npmjs.org/handlebars cache-miss
35 http fetch GET 200 https://registry.npmjs.org/camelcase 431ms (cache miss)
36 silly packumentCache full:https://registry.npmjs.org/camelcase set size:undefined disposed:false
37 http fetch GET 200 https://registry.npmjs.org/handlebars 437ms (cache miss)
38 silly packumentCache full:https://registry.npmjs.org/handlebars set size:undefined disposed:false
39 http fetch GET 200 https://registry.npmjs.org/@apidevtools%2fjson-schema-ref-parser 522ms (cache miss)
40 silly packumentCache full:https://registry.npmjs.org/@apidevtools%2fjson-schema-ref-parser set size:undefined disposed:false
41 silly fetch manifest axios@1.12.2
42 silly packumentCache full:https://registry.npmjs.org/axios cache-hit
43 silly placeDep node_modules/@openapitools/openapi-generator-cli axios@1.12.2 OK for: @openapitools/openapi-generator-cli@2.25.0 want: 1.12.2
44 silly placeDep ROOT @apidevtools/json-schema-ref-parser@11.9.3 OK for: openapi-typescript-codegen@0.29.0 want: ^11.5.4
45 silly placeDep ROOT camelcase@6.3.0 OK for: openapi-typescript-codegen@0.29.0 want: ^6.3.0
46 silly placeDep node_modules/openapi-typescript-codegen commander@12.1.0 OK for: openapi-typescript-codegen@0.29.0 want: ^12.0.0
47 silly placeDep ROOT handlebars@4.7.8 OK for: openapi-typescript-codegen@0.29.0 want: ^4.7.8
48 silly fetch manifest js-yaml@^4.1.0
49 silly packumentCache full:https://registry.npmjs.org/js-yaml cache-miss
50 silly fetch manifest @jsdevtools/ono@^7.1.3
51 silly packumentCache full:https://registry.npmjs.org/@jsdevtools%2fono cache-miss
52 silly fetch manifest @types/json-schema@^7.0.15
53 silly packumentCache full:https://registry.npmjs.org/@types%2fjson-schema cache-miss
54 http fetch GET 200 https://registry.npmjs.org/@types%2fjson-schema 177ms (cache miss)
55 silly packumentCache full:https://registry.npmjs.org/@types%2fjson-schema set size:undefined disposed:false
56 silly fetch manifest minimist@^1.2.5
57 silly packumentCache full:https://registry.npmjs.org/minimist cache-miss
58 http fetch GET 200 https://registry.npmjs.org/js-yaml 199ms (cache miss)
59 silly packumentCache full:https://registry.npmjs.org/js-yaml set size:undefined disposed:false
60 silly fetch manifest neo-async@^2.6.2
61 silly packumentCache full:https://registry.npmjs.org/neo-async cache-miss
62 http fetch GET 200 https://registry.npmjs.org/minimist 245ms (cache miss)
63 silly packumentCache full:https://registry.npmjs.org/minimist set size:undefined disposed:false
64 silly fetch manifest wordwrap@^1.0.0
65 silly packumentCache full:https://registry.npmjs.org/wordwrap cache-miss
66 http fetch GET 200 https://registry.npmjs.org/neo-async 247ms (cache miss)
67 silly packumentCache full:https://registry.npmjs.org/neo-async set size:undefined disposed:false
68 silly fetch manifest uglify-js@^3.1.4
69 silly packumentCache full:https://registry.npmjs.org/uglify-js cache-miss
70 http fetch GET 200 https://registry.npmjs.org/wordwrap 252ms (cache miss)
71 silly packumentCache full:https://registry.npmjs.org/wordwrap set size:undefined disposed:false
72 http fetch GET 200 https://registry.npmjs.org/@jsdevtools%2fono 714ms (cache miss)
73 silly packumentCache full:https://registry.npmjs.org/@jsdevtools%2fono set size:undefined disposed:false
74 http fetch GET 200 https://registry.npmjs.org/uglify-js 265ms (cache miss)
75 silly packumentCache full:https://registry.npmjs.org/uglify-js set size:undefined disposed:false
76 silly placeDep ROOT @jsdevtools/ono@7.1.3 OK for: @apidevtools/json-schema-ref-parser@11.9.3 want: ^7.1.3
77 silly placeDep ROOT @types/json-schema@7.0.15 OK for: @apidevtools/json-schema-ref-parser@11.9.3 want: ^7.0.15
78 silly placeDep ROOT js-yaml@4.1.0 OK for: @apidevtools/json-schema-ref-parser@11.9.3 want: ^4.1.0
79 silly fetch manifest argparse@^2.0.1
80 silly packumentCache full:https://registry.npmjs.org/argparse cache-miss
81 http fetch GET 200 https://registry.npmjs.org/argparse 253ms (cache miss)
82 silly packumentCache full:https://registry.npmjs.org/argparse set size:undefined disposed:false
83 silly placeDep ROOT minimist@1.2.8 OK for: handlebars@4.7.8 want: ^1.2.5
84 silly placeDep ROOT neo-async@2.6.2 OK for: handlebars@4.7.8 want: ^2.6.2
85 silly placeDep ROOT uglify-js@3.19.3 OK for: handlebars@4.7.8 want: ^3.1.4
86 silly placeDep ROOT wordwrap@1.0.0 OK for: handlebars@4.7.8 want: ^1.0.0
87 silly placeDep ROOT argparse@2.0.1 OK for: js-yaml@4.1.0 want: ^2.0.1
88 silly reify mark retired [
88 silly reify   '/Users/shwariphones/Desktop/shwari-django/Shwari/frontend_inventory_and_orders/ts-clients/node_modules/axios'
88 silly reify ]
89 silly reify moves {
89 silly reify   '/Users/shwariphones/Desktop/shwari-django/Shwari/frontend_inventory_and_orders/ts-clients/node_modules/axios': '/Users/shwariphones/Desktop/shwari-django/Shwari/frontend_inventory_and_orders/ts-clients/node_modules/.axios-ULClXs8w'
89 silly reify }
90 http cache wordwrap@https://registry.npmjs.org/wordwrap/-/wordwrap-1.0.0.tgz 0ms (cache hit)
91 http cache neo-async@https://registry.npmjs.org/neo-async/-/neo-async-2.6.2.tgz 0ms (cache hit)
92 http cache minimist@https://registry.npmjs.org/minimist/-/minimist-1.2.8.tgz 0ms (cache hit)
93 http cache js-yaml@https://registry.npmjs.org/js-yaml/-/js-yaml-4.1.0.tgz 0ms (cache hit)
94 http cache @types/json-schema@https://registry.npmjs.org/@types/json-schema/-/json-schema-7.0.15.tgz 0ms (cache hit)
95 http cache argparse@https://registry.npmjs.org/argparse/-/argparse-2.0.1.tgz 0ms (cache hit)
96 http cache handlebars@https://registry.npmjs.org/handlebars/-/handlebars-4.7.8.tgz 0ms (cache hit)
97 http cache @jsdevtools/ono@https://registry.npmjs.org/@jsdevtools/ono/-/ono-7.1.3.tgz 0ms (cache hit)
98 http cache camelcase@https://registry.npmjs.org/camelcase/-/camelcase-6.3.0.tgz 0ms (cache hit)
99 http cache @apidevtools/json-schema-ref-parser@https://registry.npmjs.org/@apidevtools/json-schema-ref-parser/-/json-schema-ref-parser-11.9.3.tgz 0ms (cache hit)
100 http cache openapi-typescript-codegen@https://registry.npmjs.org/openapi-typescript-codegen/-/openapi-typescript-codegen-0.29.0.tgz 0ms (cache hit)
101 http cache axios@https://registry.npmjs.org/axios/-/axios-1.13.1.tgz 0ms (cache hit)
102 http cache commander@https://registry.npmjs.org/commander/-/commander-12.1.0.tgz 0ms (cache hit)
103 http cache axios@https://registry.npmjs.org/axios/-/axios-1.12.2.tgz 0ms (cache hit)
104 http cache uglify-js@https://registry.npmjs.org/uglify-js/-/uglify-js-3.19.3.tgz 0ms (cache hit)
105 silly tarball no local data for wordwrap@https://registry.npmjs.org/wordwrap/-/wordwrap-1.0.0.tgz. Extracting by manifest.
106 silly tarball no local data for neo-async@https://registry.npmjs.org/neo-async/-/neo-async-2.6.2.tgz. Extracting by manifest.
107 silly tarball no local data for minimist@https://registry.npmjs.org/minimist/-/minimist-1.2.8.tgz. Extracting by manifest.
108 silly tarball no local data for js-yaml@https://registry.npmjs.org/js-yaml/-/js-yaml-4.1.0.tgz. Extracting by manifest.
109 silly tarball no local data for @types/json-schema@https://registry.npmjs.org/@types/json-schema/-/json-schema-7.0.15.tgz. Extracting by manifest.
110 silly tarball no local data for argparse@https://registry.npmjs.org/argparse/-/argparse-2.0.1.tgz. Extracting by manifest.
111 silly tarball no local data for handlebars@https://registry.npmjs.org/handlebars/-/handlebars-4.7.8.tgz. Extracting by manifest.
112 silly tarball no local data for @jsdevtools/ono@https://registry.npmjs.org/@jsdevtools/ono/-/ono-7.1.3.tgz. Extracting by manifest.
113 silly tarball no local data for camelcase@https://registry.npmjs.org/camelcase/-/camelcase-6.3.0.tgz. Extracting by manifest.
114 silly tarball no local data for @apidevtools/json-schema-ref-parser@https://registry.npmjs.org/@apidevtools/json-schema-ref-parser/-/json-schema-ref-parser-11.9.3.tgz. Extracting by manifest.
115 silly tarball no local data for openapi-typescript-codegen@https://registry.npmjs.org/openapi-typescript-codegen/-/openapi-typescript-codegen-0.29.0.tgz. Extracting by manifest.
116 silly tarball no local data for axios@https://registry.npmjs.org/axios/-/axios-1.13.1.tgz. Extracting by manifest.
117 silly tarball no local data for commander@https://registry.npmjs.org/commander/-/commander-12.1.0.tgz. Extracting by manifest.
118 silly tarball no local data for uglify-js@https://registry.npmjs.org/uglify-js/-/uglify-js-3.19.3.tgz. Extracting by manifest.
119 http fetch GET 200 https://registry.npmjs.org/wordwrap/-/wordwrap-1.0.0.tgz 2551ms (cache miss)
120 http fetch GET 200 https://registry.npmjs.org/@types/json-schema/-/json-schema-7.0.15.tgz 3555ms (cache miss)
121 http fetch GET 200 https://registry.npmjs.org/camelcase/-/camelcase-6.3.0.tgz 4808ms (cache miss)
122 http fetch GET 200 https://registry.npmjs.org/minimist/-/minimist-1.2.8.tgz 5525ms (cache miss)
123 http fetch GET 200 https://registry.npmjs.org/openapi-typescript-codegen/-/openapi-typescript-codegen-0.29.0.tgz 6175ms (cache miss)
124 http fetch GET 200 https://registry.npmjs.org/argparse/-/argparse-2.0.1.tgz 6738ms (cache miss)
125 http fetch GET 200 https://registry.npmjs.org/commander/-/commander-12.1.0.tgz 7018ms (cache miss)
126 http fetch GET 200 https://registry.npmjs.org/@jsdevtools/ono/-/ono-7.1.3.tgz 7483ms (cache miss)
127 http fetch GET 200 https://registry.npmjs.org/js-yaml/-/js-yaml-4.1.0.tgz 7906ms (cache miss)
128 http fetch GET 200 https://registry.npmjs.org/neo-async/-/neo-async-2.6.2.tgz 8371ms (cache miss)
129 http fetch GET 200 https://registry.npmjs.org/uglify-js/-/uglify-js-3.19.3.tgz 8629ms (cache miss)
130 http fetch GET 200 https://registry.npmjs.org/@apidevtools/json-schema-ref-parser/-/json-schema-ref-parser-11.9.3.tgz 8660ms (cache miss)
131 http fetch GET 200 https://registry.npmjs.org/axios/-/axios-1.13.1.tgz 9172ms (cache miss)
132 http fetch GET 200 https://registry.npmjs.org/handlebars/-/handlebars-4.7.8.tgz 9319ms (cache miss)
133 silly ADD node_modules/argparse
134 silly ADD node_modules/wordwrap
135 silly ADD node_modules/uglify-js
136 silly ADD node_modules/neo-async
137 silly ADD node_modules/minimist
138 silly ADD node_modules/js-yaml
139 silly ADD node_modules/@types/json-schema
140 silly ADD node_modules/@jsdevtools/ono
141 silly ADD node_modules/handlebars
142 silly ADD node_modules/camelcase
143 silly ADD node_modules/@apidevtools/json-schema-ref-parser
144 silly ADD node_modules/openapi-typescript-codegen
145 silly ADD node_modules/openapi-typescript-codegen/node_modules/commander
146 silly ADD node_modules/@openapitools/openapi-generator-cli/node_modules/axios
147 silly CHANGE node_modules/axios
148 verbose cwd /Users/shwariphones/Desktop/shwari-django/Shwari/frontend_inventory_and_orders/ts-clients
149 verbose os Darwin 21.6.0
150 verbose node v22.20.0
151 verbose npm  v10.9.3
152 verbose exit 0
153 info ok
